2021-06-21 23:48:02,270 [Worker-1: Loading available Gradle versions] INFO  o.e.b.c.i.u.g.PublishedGradleVersions - Gradle version information cache is up-to-date. Trying to read.
2021-06-21 23:49:33,242 [Worker-0: Loading available Gradle versions] INFO  o.e.b.c.i.u.g.PublishedGradleVersions - Gradle version information cache is up-to-date. Trying to read.
2021-06-21 23:50:12,763 [Worker-9: Updating Maven Dependencies] INFO  o.e.m.c.i.l.LifecycleMappingFactory - Using org.maven.ide.eclipse.wtp.WarLifecycleMapping lifecycle mapping for MavenProject: dongduck.ssd:ssd0206:0.0.1-SNAPSHOT @ /Users/suhmzii/Desktop/4-1/ssd0206 오후 11.43.04/ssd0206/pom.xml.
2021-06-21 23:50:17,960 [Worker-0: Building workspace] INFO  o.e.m.c.i.l.LifecycleMappingFactory - Using org.maven.ide.eclipse.wtp.WarLifecycleMapping lifecycle mapping for MavenProject: dongduck.ssd:ssd0206:0.0.1-SNAPSHOT @ /Users/suhmzii/Desktop/4-1/ssd0206 오후 11.43.04/ssd0206/pom.xml.
2021-06-21 23:50:19,005 [Worker-0: Building workspace] WARN  o.e.m.c.i.embedder.EclipseLogger - Using platform encoding (UTF-8 actually) to copy filtered resources, i.e. build is platform dependent!
2021-06-21 23:50:19,011 [Worker-0: Building workspace] INFO  o.e.m.c.i.embedder.EclipseLogger - Copying 17 resources
2021-06-21 23:50:19,036 [Worker-0: Building workspace] WARN  o.e.m.c.i.embedder.EclipseLogger - Using platform encoding (UTF-8 actually) to copy filtered resources, i.e. build is platform dependent!
2021-06-21 23:50:19,037 [Worker-0: Building workspace] INFO  o.e.m.c.i.embedder.EclipseLogger - skip non existing resourceDirectory /Users/suhmzii/Desktop/4-1/ssd0206 오후 11.43.04/ssd0206/src/test/resources
2021-06-21 23:50:20,854 [Worker-4: Building workspace] WARN  o.e.m.c.i.embedder.EclipseLogger - Using platform encoding (UTF-8 actually) to copy filtered resources, i.e. build is platform dependent!
2021-06-21 23:50:20,857 [Worker-4: Building workspace] INFO  o.e.m.c.i.embedder.EclipseLogger - Copying 17 resources
2021-06-21 23:50:20,875 [Worker-4: Building workspace] WARN  o.e.m.c.i.embedder.EclipseLogger - Using platform encoding (UTF-8 actually) to copy filtered resources, i.e. build is platform dependent!
2021-06-21 23:50:20,876 [Worker-4: Building workspace] INFO  o.e.m.c.i.embedder.EclipseLogger - skip non existing resourceDirectory /Users/suhmzii/Desktop/4-1/ssd0206 오후 11.43.04/ssd0206/src/test/resources
2021-06-21 23:50:21,362 [Worker-11: Building workspace] WARN  o.e.m.c.i.embedder.EclipseLogger - Using platform encoding (UTF-8 actually) to copy filtered resources, i.e. build is platform dependent!
2021-06-21 23:50:21,363 [Worker-11: Building workspace] INFO  o.e.m.c.i.embedder.EclipseLogger - Copying 17 resources
2021-06-21 23:50:21,375 [Worker-11: Building workspace] WARN  o.e.m.c.i.embedder.EclipseLogger - Using platform encoding (UTF-8 actually) to copy filtered resources, i.e. build is platform dependent!
2021-06-21 23:50:21,376 [Worker-11: Building workspace] INFO  o.e.m.c.i.embedder.EclipseLogger - skip non existing resourceDirectory /Users/suhmzii/Desktop/4-1/ssd0206 오후 11.43.04/ssd0206/src/test/resources
2021-06-21 23:50:21,815 [Worker-10: Building workspace] WARN  o.e.m.c.i.embedder.EclipseLogger - Using platform encoding (UTF-8 actually) to copy filtered resources, i.e. build is platform dependent!
2021-06-21 23:50:21,816 [Worker-10: Building workspace] INFO  o.e.m.c.i.embedder.EclipseLogger - Copying 17 resources
2021-06-21 23:50:21,834 [Worker-10: Building workspace] WARN  o.e.m.c.i.embedder.EclipseLogger - Using platform encoding (UTF-8 actually) to copy filtered resources, i.e. build is platform dependent!
2021-06-21 23:50:21,834 [Worker-10: Building workspace] INFO  o.e.m.c.i.embedder.EclipseLogger - skip non existing resourceDirectory /Users/suhmzii/Desktop/4-1/ssd0206 오후 11.43.04/ssd0206/src/test/resources
2021-06-21 23:50:22,191 [Worker-7: Building workspace] WARN  o.e.m.c.i.embedder.EclipseLogger - Using platform encoding (UTF-8 actually) to copy filtered resources, i.e. build is platform dependent!
2021-06-21 23:50:22,192 [Worker-7: Building workspace] INFO  o.e.m.c.i.embedder.EclipseLogger - Copying 17 resources
2021-06-21 23:50:22,201 [Worker-7: Building workspace] WARN  o.e.m.c.i.embedder.EclipseLogger - Using platform encoding (UTF-8 actually) to copy filtered resources, i.e. build is platform dependent!
2021-06-21 23:50:22,202 [Worker-7: Building workspace] INFO  o.e.m.c.i.embedder.EclipseLogger - skip non existing resourceDirectory /Users/suhmzii/Desktop/4-1/ssd0206 오후 11.43.04/ssd0206/src/test/resources
2021-06-21 23:50:22,574 [Worker-6: Building workspace] WARN  o.e.m.c.i.embedder.EclipseLogger - Using platform encoding (UTF-8 actually) to copy filtered resources, i.e. build is platform dependent!
2021-06-21 23:50:22,576 [Worker-6: Building workspace] INFO  o.e.m.c.i.embedder.EclipseLogger - Copying 17 resources
2021-06-21 23:50:22,587 [Worker-6: Building workspace] WARN  o.e.m.c.i.embedder.EclipseLogger - Using platform encoding (UTF-8 actually) to copy filtered resources, i.e. build is platform dependent!
2021-06-21 23:50:22,587 [Worker-6: Building workspace] INFO  o.e.m.c.i.embedder.EclipseLogger - skip non existing resourceDirectory /Users/suhmzii/Desktop/4-1/ssd0206 오후 11.43.04/ssd0206/src/test/resources
2021-06-21 23:50:23,894 [Worker-12: Updating Maven Dependencies] INFO  o.e.m.c.i.l.LifecycleMappingFactory - Using org.maven.ide.eclipse.wtp.WarLifecycleMapping lifecycle mapping for MavenProject: dongduck.ssd:ssd0206:0.0.1-SNAPSHOT @ /Users/suhmzii/Desktop/4-1/ssd0206 오후 11.43.04/ssd0206/pom.xml.
2021-06-21 23:50:47,162 [Worker-1: Building] WARN  o.e.m.c.i.embedder.EclipseLogger - Using platform encoding (UTF-8 actually) to copy filtered resources, i.e. build is platform dependent!
2021-06-21 23:50:47,165 [Worker-1: Building] INFO  o.e.m.c.i.embedder.EclipseLogger - Copying 0 resource
2021-06-21 23:50:47,167 [Worker-1: Building] WARN  o.e.m.c.i.embedder.EclipseLogger - Using platform encoding (UTF-8 actually) to copy filtered resources, i.e. build is platform dependent!
2021-06-21 23:50:47,168 [Worker-1: Building] INFO  o.e.m.c.i.embedder.EclipseLogger - skip non existing resourceDirectory /Users/suhmzii/Desktop/4-1/ssd0206 오후 11.43.04/ssd0206/src/test/resources
2021-06-21 23:50:48,637 [Worker-0: Building] WARN  o.e.m.c.i.embedder.EclipseLogger - Using platform encoding (UTF-8 actually) to copy filtered resources, i.e. build is platform dependent!
2021-06-21 23:50:48,638 [Worker-0: Building] INFO  o.e.m.c.i.embedder.EclipseLogger - Copying 0 resource
2021-06-21 23:50:48,639 [Worker-0: Building] WARN  o.e.m.c.i.embedder.EclipseLogger - Using platform encoding (UTF-8 actually) to copy filtered resources, i.e. build is platform dependent!
2021-06-21 23:50:48,640 [Worker-0: Building] INFO  o.e.m.c.i.embedder.EclipseLogger - skip non existing resourceDirectory /Users/suhmzii/Desktop/4-1/ssd0206 오후 11.43.04/ssd0206/src/test/resources
2021-06-21 23:52:17,757 [Worker-12: Cleaning all projects] INFO  o.e.m.w.i.f.ResourceFilteringBuildParticipant - Cleaning filtered folder for ssd0206
2021-06-21 23:52:18,507 [Worker-3: Building] WARN  o.e.m.c.i.embedder.EclipseLogger - Using platform encoding (UTF-8 actually) to copy filtered resources, i.e. build is platform dependent!
2021-06-21 23:52:18,511 [Worker-3: Building] INFO  o.e.m.c.i.embedder.EclipseLogger - Copying 17 resources
2021-06-21 23:52:18,536 [Worker-3: Building] WARN  o.e.m.c.i.embedder.EclipseLogger - Using platform encoding (UTF-8 actually) to copy filtered resources, i.e. build is platform dependent!
2021-06-21 23:52:18,537 [Worker-3: Building] INFO  o.e.m.c.i.embedder.EclipseLogger - skip non existing resourceDirectory /Users/suhmzii/Desktop/4-1/ssd0206 오후 11.43.04/ssd0206/src/test/resources
2021-06-21 23:52:18,537 [Worker-3: Building] INFO  o.e.m.w.i.f.ResourceFilteringBuildParticipant - Changed resources require a complete clean of filtered resources of ssd0206
2021-06-21 23:52:18,538 [Worker-3: Building] INFO  o.e.m.w.i.f.ResourceFilteringBuildParticipant - Executing resource filtering for ssd0206
2021-06-21 23:52:18,545 [Worker-3: Building] WARN  o.e.m.c.i.embedder.EclipseLogger - Using platform encoding (UTF-8 actually) to copy filtered resources, i.e. build is platform dependent!
2021-06-21 23:56:33,746 [Worker-7: Building] WARN  o.e.m.c.i.embedder.EclipseLogger - Using platform encoding (UTF-8 actually) to copy filtered resources, i.e. build is platform dependent!
2021-06-21 23:56:33,747 [Worker-7: Building] INFO  o.e.m.c.i.embedder.EclipseLogger - skip non existing resourceDirectory /Users/suhmzii/Desktop/4-1/ssd0206 오후 11.43.04/ssd0206/src/main/resources
2021-06-21 23:56:33,748 [Worker-7: Building] WARN  o.e.m.c.i.embedder.EclipseLogger - Using platform encoding (UTF-8 actually) to copy filtered resources, i.e. build is platform dependent!
2021-06-21 23:56:33,749 [Worker-7: Building] INFO  o.e.m.c.i.embedder.EclipseLogger - skip non existing resourceDirectory /Users/suhmzii/Desktop/4-1/ssd0206 오후 11.43.04/ssd0206/src/test/resources
2021-06-21 23:56:33,749 [Worker-7: Building] INFO  o.e.m.w.i.f.ResourceFilteringBuildParticipant - Changed resources require a complete clean of filtered resources of ssd0206
2021-06-21 23:56:33,750 [Worker-7: Building] INFO  o.e.m.w.i.f.ResourceFilteringBuildParticipant - Executing resource filtering for ssd0206
2021-06-21 23:56:33,768 [Worker-7: Building] WARN  o.e.m.c.i.embedder.EclipseLogger - Using platform encoding (UTF-8 actually) to copy filtered resources, i.e. build is platform dependent!
2021-06-21 23:56:43,257 [Worker-1: Building] WARN  o.e.m.c.i.embedder.EclipseLogger - Using platform encoding (UTF-8 actually) to copy filtered resources, i.e. build is platform dependent!
2021-06-21 23:56:43,259 [Worker-1: Building] INFO  o.e.m.c.i.embedder.EclipseLogger - skip non existing resourceDirectory /Users/suhmzii/Desktop/4-1/ssd0206 오후 11.43.04/ssd0206/src/main/resources
2021-06-21 23:56:43,261 [Worker-1: Building] WARN  o.e.m.c.i.embedder.EclipseLogger - Using platform encoding (UTF-8 actually) to copy filtered resources, i.e. build is platform dependent!
2021-06-21 23:56:43,262 [Worker-1: Building] INFO  o.e.m.c.i.embedder.EclipseLogger - skip non existing resourceDirectory /Users/suhmzii/Desktop/4-1/ssd0206 오후 11.43.04/ssd0206/src/test/resources
